\BOOKMARK [0][-]{section*.2}{Abstract}{}
\BOOKMARK [0][-]{section*.3}{Acknowledgements}{}
\BOOKMARK [0][-]{section*.4}{Publication}{}
\BOOKMARK [0][-]{section*.5}{Table of Contents}{}
\BOOKMARK [0][-]{section*.7}{List of Tables}{}
\BOOKMARK [0][-]{section*.9}{List of Figures}{}
\BOOKMARK [0][-]{chapter*.10}{Epigraph}{}
\BOOKMARK [0][-]{chapter.1}{Introduction}{}
\BOOKMARK [1][-]{section.1.1}{User Stories - An Overview}{chapter.1}
\BOOKMARK [1][-]{section.1.2}{Distributed Agile Projects}{chapter.1}
\BOOKMARK [1][-]{section.1.3}{Research Motivation}{chapter.1}
\BOOKMARK [1][-]{section.1.4}{Research Problem}{chapter.1}
\BOOKMARK [1][-]{section.1.5}{Research Goals}{chapter.1}
\BOOKMARK [1][-]{section.1.6}{Key Contributions}{chapter.1}
\BOOKMARK [0][-]{chapter.2}{Related Work}{}
\BOOKMARK [1][-]{section.2.1}{Communication in Distributed Teams}{chapter.2}
\BOOKMARK [1][-]{section.2.2}{Capturing Knowledge from Emails}{chapter.2}
\BOOKMARK [1][-]{section.2.3}{Wiki-Based Knowledge Sharing}{chapter.2}
\BOOKMARK [1][-]{section.2.4}{Context-Based Knowledge Management}{chapter.2}
\BOOKMARK [1][-]{section.2.5}{Review of Existing Tool Support for Knowledge Sharing}{chapter.2}
\BOOKMARK [1][-]{section.2.6}{Summary}{chapter.2}
\BOOKMARK [0][-]{chapter.3}{Taggy}{}
\BOOKMARK [1][-]{section.3.1}{Assumptions}{chapter.3}
\BOOKMARK [1][-]{section.3.2}{The Agile Project Context}{chapter.3}
\BOOKMARK [1][-]{section.3.3}{High Level Workflow}{chapter.3}
\BOOKMARK [1][-]{section.3.4}{Similarity Computation}{chapter.3}
\BOOKMARK [2][-]{subsection.3.4.1}{Local-Global Principle}{section.3.4}
\BOOKMARK [2][-]{subsection.3.4.2}{Similarity Function}{section.3.4}
\BOOKMARK [2][-]{subsection.3.4.3}{Learning Relative Weights}{section.3.4}
\BOOKMARK [2][-]{subsection.3.4.4}{Email Matching}{section.3.4}
\BOOKMARK [2][-]{subsection.3.4.5}{Instant Message Matching}{section.3.4}
\BOOKMARK [1][-]{section.3.5}{Architecture}{chapter.3}
\BOOKMARK [1][-]{section.3.6}{An Illustrative Example}{chapter.3}
\BOOKMARK [1][-]{section.3.7}{Implementation Details}{chapter.3}
\BOOKMARK [0][-]{chapter.4}{Quantitative Evaluation}{}
\BOOKMARK [1][-]{section.4.1}{Evaluation Approach}{chapter.4}
\BOOKMARK [2][-]{subsection.4.1.1}{Accuracy}{section.4.1}
\BOOKMARK [2][-]{subsection.4.1.2}{Statistical Relevance}{section.4.1}
\BOOKMARK [1][-]{section.4.2}{Evaluation Results}{chapter.4}
\BOOKMARK [2][-]{subsection.4.2.1}{Data set\043 1: ScrumPad}{section.4.2}
\BOOKMARK [2][-]{subsection.4.2.2}{Data set\043 2: IBM Jazz}{section.4.2}
\BOOKMARK [1][-]{section.4.3}{Limitations}{chapter.4}
\BOOKMARK [0][-]{chapter.5}{Preliminary Qualitative Evaluation}{}
\BOOKMARK [1][-]{section.5.1}{Participants}{chapter.5}
\BOOKMARK [1][-]{section.5.2}{Data Collection \046 Analysis}{chapter.5}
\BOOKMARK [1][-]{section.5.3}{Findings}{chapter.5}
\BOOKMARK [1][-]{section.5.4}{Limitations}{chapter.5}
\BOOKMARK [0][-]{chapter.6}{Discussion}{}
\BOOKMARK [1][-]{section.6.1}{Dealing with Absence of Necessary Context}{chapter.6}
\BOOKMARK [1][-]{section.6.2}{The Impact of Incorrect Tagging}{chapter.6}
\BOOKMARK [1][-]{section.6.3}{Selecting a Threshold Similarity Score}{chapter.6}
\BOOKMARK [1][-]{section.6.4}{Handling Attachments and Full-Text Search}{chapter.6}
\BOOKMARK [1][-]{section.6.5}{Project Specific vs. Project Agnostic Learning}{chapter.6}
\BOOKMARK [1][-]{section.6.6}{Handling Email Replies}{chapter.6}
\BOOKMARK [1][-]{section.6.7}{Limitations of Taggy}{chapter.6}
\BOOKMARK [0][-]{chapter.7}{Conclusion}{}
\BOOKMARK [1][-]{section.7.1}{Research Goals Addressed}{chapter.7}
\BOOKMARK [1][-]{section.7.2}{Future Work}{chapter.7}
\BOOKMARK [2][-]{subsection.7.2.1}{Extensions with New Features}{section.7.2}
\BOOKMARK [2][-]{subsection.7.2.2}{Improvements through Evaluation}{section.7.2}
\BOOKMARK [0][-]{chapter.8}{Ethics Approval}{}
\BOOKMARK [0][-]{figure.8.1}{Bibliography}{}
